<?xml version="1.0" encoding="UTF-8"?>
<testng-results ignored="0" total="1" passed="1" failed="0" skipped="0">
  <reporter-output>
  </reporter-output>
  <suite started-at="2023-04-21T10:07:26 IST" name="Default suite" finished-at="2023-04-21T10:07:47 IST" duration-ms="20365">
    <groups>
    </groups>
    <test started-at="2023-04-21T10:07:26 IST" name="Default test" finished-at="2023-04-21T10:07:47 IST" duration-ms="20365">
      <class name="test.d2">
        <test-method is-config="true" signature="setUp()[pri:0, instance:test.d2@7c729a55]" started-at="2023-04-21T10:07:26 IST" name="setUp" finished-at="2023-04-21T10:07:46 IST" duration-ms="19726" status="PASS">
          <reporter-output>
          </reporter-output>
        </test-method> <!-- setUp -->
        <test-method signature="test1()[pri:0, instance:test.d2@7c729a55]" started-at="2023-04-21T10:07:46 IST" name="test1" finished-at="2023-04-21T10:07:47 IST" duration-ms="584" status="PASS">
          <reporter-output>
          </reporter-output>
        </test-method> <!-- test1 -->
      </class> <!-- test.d2 -->
    </test> <!-- Default test -->
  </suite> <!-- Default suite -->
</testng-results>
